<?xml version="1.0" encoding="UTF-8"?>
<!-- Generated by org.testng.reporters.JUnitReportReporter -->
<testsuite hostname="DESKTOP-V8TS46C" failures="0" tests="4" name="com.qa.opencart.tests.LoginPageTest" time="1.114" errors="0" timestamp="2023-08-03T22:33:28 IST" skipped="0">
  <testcase classname="com.qa.opencart.tests.LoginPageTest" name="loginPage" time="0.877"/>
  <system-out/>
  <testcase classname="com.qa.opencart.tests.LoginPageTest" name="forgotPwdLinkExistsTest" time="0.152"/>
  <system-out/>
  <testcase classname="com.qa.opencart.tests.LoginPageTest" name="loginPageTitleTest" time="0.063"/>
  <system-out/>
  <testcase classname="com.qa.opencart.tests.LoginPageTest" name="loginPageURLTest" time="0.022"/>
  <system-out/>
</testsuite> <!-- com.qa.opencart.tests.LoginPageTest -->
